<?xml version="1.0" encoding="UTF-8"?>
<!-- Generated by org.testng.reporters.JUnitReportReporter -->
<testsuite skipped="0" hostname="admin" name="com.mySelemiumProject.testFile.DemoTestClass" tests="1" failures="0" timestamp="2021-02-03T21:08:48 IST" time="28.373" errors="0">
  <testcase name="selectMobileTestCase" time="28.373" classname="com.mySelemiumProject.testFile.DemoTestClass"/>
  <system-out/>
</testsuite> <!-- com.mySelemiumProject.testFile.DemoTestClass -->
